2018-05-22 11:06:17,153 INFO o.a.j.u.JMeterUtils: Setting Locale to en_US
2018-05-22 11:06:17,182 INFO o.a.j.JMeter: Loading user properties from: user.properties
2018-05-22 11:06:17,183 INFO o.a.j.JMeter: Loading system properties from: system.properties
2018-05-22 11:06:17,188 INFO o.a.j.JMeter: Copyright (c) 1998-2018 The Apache Software Foundation
2018-05-22 11:06:17,188 INFO o.a.j.JMeter: Version 4.0 r1823414
2018-05-22 11:06:17,188 INFO o.a.j.JMeter: java.version=1.8.0_131
2018-05-22 11:06:17,188 INFO o.a.j.JMeter: java.vm.name=Java HotSpot(TM) 64-Bit Server VM
2018-05-22 11:06:17,189 INFO o.a.j.JMeter: os.name=Mac OS X
2018-05-22 11:06:17,189 INFO o.a.j.JMeter: os.arch=x86_64
2018-05-22 11:06:17,189 INFO o.a.j.JMeter: os.version=10.13.4
2018-05-22 11:06:17,189 INFO o.a.j.JMeter: file.encoding=UTF-8
2018-05-22 11:06:17,189 INFO o.a.j.JMeter: Max memory     =514850816
2018-05-22 11:06:17,189 INFO o.a.j.JMeter: Available Processors =8
2018-05-22 11:06:17,193 INFO o.a.j.JMeter: Default Locale=English (United States)
2018-05-22 11:06:17,194 INFO o.a.j.JMeter: JMeter  Locale=English (United States)
2018-05-22 11:06:17,194 INFO o.a.j.JMeter: JMeterHome=/development/jmeter/sos-load.temp/target/jmeter
2018-05-22 11:06:17,194 INFO o.a.j.JMeter: user.dir  =/development/jmeter/sos-load.temp/target/jmeter/bin
2018-05-22 11:06:17,194 INFO o.a.j.JMeter: PWD       =/development/jmeter/sos-load.temp/target/jmeter/bin
2018-05-22 11:06:17,248 INFO o.a.j.JMeter: IP: 192.168.1.2 Name: MacBook-Pro-Konstantin.local FullName: 192.168.1.2
2018-05-22 11:06:17,251 INFO o.a.j.JMeter: Setting property 'jmeter.reportgenerator.outputdir' to:'/development/jmeter/sos-load.temp/target/jmeter/reports/sos-load-lp-belistener_20180522_110615'
2018-05-22 11:06:17,254 INFO o.a.j.s.FileServer: Default base='/development/jmeter/sos-load.temp/target/jmeter/bin'
2018-05-22 11:06:17,260 INFO o.a.j.s.FileServer: Set new base='/development/jmeter/sos-load.temp/target/jmeter/testFiles'
2018-05-22 11:06:17,402 INFO o.a.j.s.SaveService: Testplan (JMX) version: 2.2. Testlog (JTL) version: 2.2
2018-05-22 11:06:17,424 INFO o.a.j.s.SaveService: Using SaveService properties file encoding UTF-8
2018-05-22 11:06:17,430 INFO o.a.j.s.SaveService: Using SaveService properties version 4.0
2018-05-22 11:06:17,436 INFO o.a.j.s.SaveService: Loading file: /development/jmeter/sos-load.temp/target/jmeter/testFiles/sos-load-lp-belistener.jmx
2018-05-22 11:06:17,496 INFO o.a.j.p.h.s.HTTPSamplerBase: Parser for text/html is org.apache.jmeter.protocol.http.parser.LagartoBasedHtmlParser
2018-05-22 11:06:17,496 INFO o.a.j.p.h.s.HTTPSamplerBase: Parser for application/xhtml+xml is org.apache.jmeter.protocol.http.parser.LagartoBasedHtmlParser
2018-05-22 11:06:17,496 INFO o.a.j.p.h.s.HTTPSamplerBase: Parser for application/xml is org.apache.jmeter.protocol.http.parser.LagartoBasedHtmlParser
2018-05-22 11:06:17,496 INFO o.a.j.p.h.s.HTTPSamplerBase: Parser for text/xml is org.apache.jmeter.protocol.http.parser.LagartoBasedHtmlParser
2018-05-22 11:06:17,496 INFO o.a.j.p.h.s.HTTPSamplerBase: Parser for text/vnd.wap.wml is org.apache.jmeter.protocol.http.parser.RegexpHTMLParser
2018-05-22 11:06:17,496 INFO o.a.j.p.h.s.HTTPSamplerBase: Parser for text/css is org.apache.jmeter.protocol.http.parser.CssParser
2018-05-22 11:06:17,502 INFO o.a.j.p.h.s.HTTPJavaImpl: Maximum connection retries = 0
2018-05-22 11:06:17,522 INFO o.a.j.s.SampleResult: Note: Sample TimeStamps are START times
2018-05-22 11:06:17,523 INFO o.a.j.s.SampleResult: sampleresult.default.encoding is set to ISO-8859-1
2018-05-22 11:06:17,523 INFO o.a.j.s.SampleResult: sampleresult.useNanoTime=true
2018-05-22 11:06:17,523 INFO o.a.j.s.SampleResult: sampleresult.nanoThreadSleep=5000
2018-05-22 11:06:17,533 INFO o.a.j.JMeter: Creating summariser <summary>
2018-05-22 11:06:17,539 INFO o.a.j.r.d.ReportGenerator: ReportGenerator will use for Parsing the separator: ','
2018-05-22 11:06:17,540 INFO o.a.j.r.d.ReportGenerator: Will generate report at end of test from  results file: /development/jmeter/sos-load.temp/target/jmeter/results/20180522-sos-load-lp-belistener.csv
2018-05-22 11:06:17,540 INFO o.a.j.r.d.ReportGenerator: Reading report generator properties from: /development/jmeter/sos-load.temp/target/jmeter/bin/reportgenerator.properties
2018-05-22 11:06:17,540 INFO o.a.j.r.d.ReportGenerator: Merging with JMeter properties
2018-05-22 11:06:17,546 INFO o.a.j.r.c.ReportGeneratorConfiguration: Property 'jmeter.reportgenerator.temp_dir' not found, using default value 'temp' instead.
2018-05-22 11:06:17,549 INFO o.a.j.r.c.ReportGeneratorConfiguration: Property 'jmeter.reportgenerator.apdex_per_transaction' not found, using default value 'null' instead.
2018-05-22 11:06:17,549 INFO o.a.j.r.c.ReportGeneratorConfiguration: apdex_per_transaction : {} is empty, not APDEX per transaction customization
2018-05-22 11:06:17,549 INFO o.a.j.r.c.ReportGeneratorConfiguration: Property 'jmeter.reportgenerator.sample_filter' not found, using default value 'null' instead.
2018-05-22 11:06:17,549 INFO o.a.j.r.c.ReportGeneratorConfiguration: Property 'jmeter.reportgenerator.report_title' not found, using default value 'null' instead.
2018-05-22 11:06:17,549 INFO o.a.j.r.c.ReportGeneratorConfiguration: Property 'jmeter.reportgenerator.start_date' not found, using default value 'null' instead.
2018-05-22 11:06:17,549 INFO o.a.j.r.c.ReportGeneratorConfiguration: Property 'jmeter.reportgenerator.end_date' not found, using default value 'null' instead.
2018-05-22 11:06:17,549 INFO o.a.j.r.c.ReportGeneratorConfiguration: Property 'jmeter.reportgenerator.date_format' not found, using default value 'null' instead.
2018-05-22 11:06:17,550 INFO o.a.j.r.c.ReportGeneratorConfiguration: Will use date range start date: null, end date: null
2018-05-22 11:06:17,555 INFO o.a.j.r.c.ReportGeneratorConfiguration: Property 'jmeter.reportgenerator.graph.activeThreadsOverTime.exclude_controllers' not found, using default value 'false' instead.
2018-05-22 11:06:17,556 INFO o.a.j.r.c.ReportGeneratorConfiguration: Property 'jmeter.reportgenerator.graph.timeVsThreads.exclude_controllers' not found, using default value 'false' instead.
2018-05-22 11:06:17,556 INFO o.a.j.r.c.ReportGeneratorConfiguration: Property 'jmeter.reportgenerator.graph.responseTimeDistribution.exclude_controllers' not found, using default value 'false' instead.
2018-05-22 11:06:17,556 INFO o.a.j.r.c.ReportGeneratorConfiguration: Property 'jmeter.reportgenerator.graph.transactionsPerSecond.exclude_controllers' not found, using default value 'false' instead.
2018-05-22 11:06:17,556 INFO o.a.j.r.c.ReportGeneratorConfiguration: Property 'jmeter.reportgenerator.graph.responseTimePercentiles.exclude_controllers' not found, using default value 'false' instead.
2018-05-22 11:06:17,556 INFO o.a.j.r.c.ReportGeneratorConfiguration: Property 'jmeter.reportgenerator.graph.responseTimePercentilesOverTime.exclude_controllers' not found, using default value 'false' instead.
2018-05-22 11:06:17,557 INFO o.a.j.r.c.ReportGeneratorConfiguration: Property 'jmeter.reportgenerator.graph.responseTimesOverTime.exclude_controllers' not found, using default value 'false' instead.
2018-05-22 11:06:17,557 INFO o.a.j.r.c.ReportGeneratorConfiguration: Property 'jmeter.reportgenerator.graph.connectTimeOverTime.exclude_controllers' not found, using default value 'false' instead.
2018-05-22 11:06:17,557 INFO o.a.j.r.c.ReportGeneratorConfiguration: Property 'jmeter.reportgenerator.graph.latenciesOverTime.exclude_controllers' not found, using default value 'false' instead.
2018-05-22 11:06:17,558 INFO o.a.j.r.c.ReportGeneratorConfiguration: Property 'jmeter.reportgenerator.exporter.html.filters_only_sample_series' not found, using default value 'true' instead.
2018-05-22 11:06:17,558 INFO o.a.j.r.c.ReportGeneratorConfiguration: Property 'jmeter.reportgenerator.exporter.html.series_filter' not found, using default value '' instead.
2018-05-22 11:06:17,558 INFO o.a.j.r.c.ReportGeneratorConfiguration: Property 'jmeter.reportgenerator.exporter.html.show_controllers_only' not found, using default value 'false' instead.
2018-05-22 11:06:17,564 INFO o.a.j.e.StandardJMeterEngine: Running the test!
2018-05-22 11:06:17,564 INFO o.a.j.s.SampleEvent: List of sample_variables: []
2018-05-22 11:06:17,564 INFO o.a.j.s.SampleEvent: List of sample_variables: []
2018-05-22 11:06:17,570 INFO o.a.j.e.u.CompoundVariable: Note: Function class names must contain the string: '.functions.'
2018-05-22 11:06:17,570 INFO o.a.j.e.u.CompoundVariable: Note: Function class names must not contain the string: '.gui.'
2018-05-22 11:06:18,689 INFO o.a.j.v.b.BackendListener: Backend Listener: Starting worker with class: class org.apache.jmeter.visualizers.backend.influxdb.InfluxdbBackendListenerClient and queue capacity: 5000
2018-05-22 11:06:18,691 INFO o.a.j.v.b.BackendListener: Backend Listener: Started  worker with class: class org.apache.jmeter.visualizers.backend.influxdb.InfluxdbBackendListenerClient
2018-05-22 11:06:19,058 INFO o.a.j.JMeter: Running test (1526976379058)
2018-05-22 11:06:19,165 INFO o.a.j.e.StandardJMeterEngine: Starting ThreadGroup: 1 : Thread Group
2018-05-22 11:06:19,165 INFO o.a.j.e.StandardJMeterEngine: Starting 10 threads for group Thread Group.
2018-05-22 11:06:19,165 INFO o.a.j.e.StandardJMeterEngine: Thread will continue on error
2018-05-22 11:06:19,165 INFO o.a.j.t.ThreadGroup: Starting thread group... number=1 threads=10 ramp-up=30 perThread=3000.0 delayedStart=false
2018-05-22 11:06:19,171 INFO o.a.j.t.JMeterThread: Thread started: Thread Group 1-1
2018-05-22 11:06:19,180 INFO o.a.j.t.ThreadGroup: Started thread group number 1
2018-05-22 11:06:19,180 INFO o.a.j.e.StandardJMeterEngine: All thread groups have been started
2018-05-22 11:06:19,185 INFO o.a.j.u.JsseSSLManager: Using default SSL protocol: TLS
2018-05-22 11:06:19,185 INFO o.a.j.u.JsseSSLManager: SSL session context: per-thread
2018-05-22 11:06:19,203 INFO o.a.j.u.SSLManager: JmeterKeyStore Location:  type JKS
2018-05-22 11:06:19,203 INFO o.a.j.u.SSLManager: KeyStore created OK
2018-05-22 11:06:19,204 WARN o.a.j.u.SSLManager: Keystore file not found, loading empty keystore
2018-05-22 11:06:19,224 ERROR o.a.j.v.b.i.HttpMetricsSender: failed to send data to influxDB server : Connection refused
2018-05-22 11:06:22,174 INFO o.a.j.t.JMeterThread: Thread started: Thread Group 1-2
2018-05-22 11:06:23,695 INFO o.a.j.t.JMeterThread: Thread is done: Thread Group 1-1
2018-05-22 11:06:23,695 INFO o.a.j.t.JMeterThread: Thread finished: Thread Group 1-1
2018-05-22 11:06:24,057 ERROR o.a.j.v.b.i.HttpMetricsSender: failed to send data to influxDB server : Connection refused
2018-05-22 11:06:25,177 INFO o.a.j.t.JMeterThread: Thread started: Thread Group 1-3
2018-05-22 11:06:26,477 INFO o.a.j.t.JMeterThread: Thread is done: Thread Group 1-2
2018-05-22 11:06:26,477 INFO o.a.j.t.JMeterThread: Thread finished: Thread Group 1-2
2018-05-22 11:06:28,178 INFO o.a.j.t.JMeterThread: Thread started: Thread Group 1-4
2018-05-22 11:06:29,049 ERROR o.a.j.v.b.i.HttpMetricsSender: failed to send data to influxDB server : Connection refused
2018-05-22 11:06:29,321 INFO o.a.j.t.JMeterThread: Thread is done: Thread Group 1-3
2018-05-22 11:06:29,322 INFO o.a.j.t.JMeterThread: Thread finished: Thread Group 1-3
2018-05-22 11:06:30,007 INFO o.a.j.r.Summariser: summary +     34 in 00:00:11 =    3.1/s Avg:   433 Min:   368 Max:   752 Err:     0 (0.00%) Active: 1 Started: 4 Finished: 3
2018-05-22 11:06:31,178 INFO o.a.j.t.JMeterThread: Thread started: Thread Group 1-5
2018-05-22 11:06:32,568 INFO o.a.j.t.JMeterThread: Thread is done: Thread Group 1-4
2018-05-22 11:06:32,568 INFO o.a.j.t.JMeterThread: Thread finished: Thread Group 1-4
2018-05-22 11:06:34,043 ERROR o.a.j.v.b.i.HttpMetricsSender: failed to send data to influxDB server : Connection refused
2018-05-22 11:06:34,182 INFO o.a.j.t.JMeterThread: Thread started: Thread Group 1-6
2018-05-22 11:06:35,460 INFO o.a.j.t.JMeterThread: Thread is done: Thread Group 1-5
2018-05-22 11:06:35,460 INFO o.a.j.t.JMeterThread: Thread finished: Thread Group 1-5
2018-05-22 11:06:37,180 INFO o.a.j.t.JMeterThread: Thread started: Thread Group 1-7
2018-05-22 11:06:38,563 INFO o.a.j.t.JMeterThread: Thread is done: Thread Group 1-6
2018-05-22 11:06:38,564 INFO o.a.j.t.JMeterThread: Thread finished: Thread Group 1-6
2018-05-22 11:06:39,048 ERROR o.a.j.v.b.i.HttpMetricsSender: failed to send data to influxDB server : Connection refused
2018-05-22 11:06:40,184 INFO o.a.j.t.JMeterThread: Thread started: Thread Group 1-8
2018-05-22 11:06:41,458 INFO o.a.j.t.JMeterThread: Thread is done: Thread Group 1-7
2018-05-22 11:06:41,458 INFO o.a.j.t.JMeterThread: Thread finished: Thread Group 1-7
2018-05-22 11:06:43,183 INFO o.a.j.t.JMeterThread: Thread started: Thread Group 1-9
2018-05-22 11:06:44,049 ERROR o.a.j.v.b.i.HttpMetricsSender: failed to send data to influxDB server : Connection refused
2018-05-22 11:06:44,319 INFO o.a.j.t.JMeterThread: Thread is done: Thread Group 1-8
2018-05-22 11:06:44,319 INFO o.a.j.t.JMeterThread: Thread finished: Thread Group 1-8
2018-05-22 11:06:46,180 INFO o.a.j.t.JMeterThread: Thread started: Thread Group 1-10
2018-05-22 11:06:47,577 INFO o.a.j.t.JMeterThread: Thread is done: Thread Group 1-9
2018-05-22 11:06:47,577 INFO o.a.j.t.JMeterThread: Thread finished: Thread Group 1-9
2018-05-22 11:06:49,046 ERROR o.a.j.v.b.i.HttpMetricsSender: failed to send data to influxDB server : Connection refused
2018-05-22 11:06:50,534 INFO o.a.j.t.JMeterThread: Thread is done: Thread Group 1-10
2018-05-22 11:06:50,535 INFO o.a.j.t.JMeterThread: Thread finished: Thread Group 1-10
2018-05-22 11:06:50,535 INFO o.a.j.e.StandardJMeterEngine: Notifying test listeners of end of test
2018-05-22 11:06:50,535 INFO o.a.j.v.b.BackendListener: Worker ended
2018-05-22 11:06:50,536 INFO o.a.j.v.b.i.InfluxdbBackendListenerClient: Sending last metrics
2018-05-22 11:06:50,538 INFO o.a.j.v.b.i.HttpMetricsSender: Destroying 
2018-05-22 11:06:50,539 ERROR o.a.j.v.b.i.HttpMetricsSender: failed to send data to influxDB server : Connection refused
2018-05-22 11:06:50,539 ERROR o.a.j.v.b.i.HttpMetricsSender: Error waiting for last request to be send to InfluxDB
java.util.concurrent.ExecutionException: java.net.ConnectException: Connection refused
	at org.apache.http.concurrent.BasicFuture.getResult(BasicFuture.java:71) ~[httpcore-4.4.9.jar:4.4.9]
	at org.apache.http.concurrent.BasicFuture.get(BasicFuture.java:102) ~[httpcore-4.4.9.jar:4.4.9]
	at org.apache.http.impl.nio.client.FutureWrapper.get(FutureWrapper.java:75) ~[httpasyncclient-4.1.3.jar:4.1.3]
	at org.apache.jmeter.visualizers.backend.influxdb.HttpMetricsSender.destroy(HttpMetricsSender.java:219) [ApacheJMeter_components-4.0.jar:4.0 r1823414]
	at org.apache.jmeter.visualizers.backend.influxdb.InfluxdbBackendListenerClient.teardownTest(InfluxdbBackendListenerClient.java:402) [ApacheJMeter_components-4.0.jar:4.0 r1823414]
	at org.apache.jmeter.visualizers.backend.BackendListener.testEnded(BackendListener.java:387) [ApacheJMeter_components-4.0.jar:4.0 r1823414]
	at org.apache.jmeter.visualizers.backend.BackendListener.testEnded(BackendListener.java:395) [ApacheJMeter_components-4.0.jar:4.0 r1823414]
	at org.apache.jmeter.engine.StandardJMeterEngine.notifyTestListenersOfEnd(StandardJMeterEngine.java:227) [ApacheJMeter_core-4.0.jar:4.0 r1823414]
	at org.apache.jmeter.engine.StandardJMeterEngine.run(StandardJMeterEngine.java:495) [ApacheJMeter_core-4.0.jar:4.0 r1823414]
	at java.lang.Thread.run(Thread.java:748) [?:1.8.0_131]
Caused by: java.net.ConnectException: Connection refused
	at sun.nio.ch.SocketChannelImpl.checkConnect(Native Method) ~[?:1.8.0_131]
	at sun.nio.ch.SocketChannelImpl.finishConnect(SocketChannelImpl.java:717) ~[?:1.8.0_131]
	at org.apache.http.impl.nio.reactor.DefaultConnectingIOReactor.processEvent(DefaultConnectingIOReactor.java:171) ~[httpcore-nio-4.4.9.jar:4.4.9]
	at org.apache.http.impl.nio.reactor.DefaultConnectingIOReactor.processEvents(DefaultConnectingIOReactor.java:145) ~[httpcore-nio-4.4.9.jar:4.4.9]
	at org.apache.http.impl.nio.reactor.AbstractMultiworkerIOReactor.execute(AbstractMultiworkerIOReactor.java:348) ~[httpcore-nio-4.4.9.jar:4.4.9]
	at org.apache.http.impl.nio.conn.PoolingNHttpClientConnectionManager.execute(PoolingNHttpClientConnectionManager.java:194) ~[httpasyncclient-4.1.3.jar:4.1.3]
	at org.apache.http.impl.nio.client.CloseableHttpAsyncClientBase$1.run(CloseableHttpAsyncClientBase.java:64) ~[httpasyncclient-4.1.3.jar:4.1.3]
	... 1 more
2018-05-22 11:06:50,550 INFO o.a.j.r.Summariser: summary +     66 in 00:00:21 =    3.2/s Avg:   429 Min:   368 Max:   543 Err:     0 (0.00%) Active: 0 Started: 10 Finished: 10
2018-05-22 11:06:50,550 INFO o.a.j.r.Summariser: summary =    100 in 00:00:31 =    3.2/s Avg:   430 Min:   368 Max:   752 Err:     0 (0.00%)
2018-05-22 11:06:50,551 INFO o.a.j.JMeter: Generating Dashboard
2018-05-22 11:06:50,551 INFO o.a.j.r.d.ReportGenerator: Flushing result collector before report Generation
2018-05-22 11:06:50,560 INFO o.a.j.r.p.NormalizerSampleConsumer: Using format, 'ms', to parse timeStamp field
2018-05-22 11:06:50,623 INFO o.a.j.r.p.AbstractSampleConsumer: class org.apache.jmeter.report.processor.AggregateConsumer#stopProducing(): beginDate produced 0 samples
2018-05-22 11:06:50,623 INFO o.a.j.r.p.AbstractSampleConsumer: class org.apache.jmeter.report.processor.AggregateConsumer#stopProducing(): endDate produced 0 samples
2018-05-22 11:06:50,625 INFO o.a.j.r.p.AbstractSampleConsumer: class org.apache.jmeter.report.processor.ApdexSummaryConsumer#stopProducing(): apdexSummary produced 0 samples
2018-05-22 11:06:50,625 INFO o.a.j.r.p.AbstractSampleConsumer: class org.apache.jmeter.report.processor.RequestsSummaryConsumer#stopProducing(): requestsSummary produced 0 samples
2018-05-22 11:06:50,626 INFO o.a.j.r.p.AbstractSampleConsumer: class org.apache.jmeter.report.processor.StatisticsSummaryConsumer#stopProducing(): statisticsSummary produced 0 samples
2018-05-22 11:06:50,632 INFO o.a.j.r.p.AbstractSampleConsumer: class org.apache.jmeter.report.processor.Top5ErrorsBySamplerConsumer#stopProducing(): top5ErrorsBySampler produced 0 samples
2018-05-22 11:06:50,632 INFO o.a.j.r.p.AbstractSampleConsumer: class org.apache.jmeter.report.processor.ErrorsSummaryConsumer#stopProducing(): errorsSummary produced 0 samples
2018-05-22 11:06:50,632 INFO o.a.j.r.p.AbstractSampleConsumer: class org.apache.jmeter.report.processor.graph.impl.HitsPerSecondGraphConsumer#stopProducing(): hitsPerSecond produced 0 samples
2018-05-22 11:06:50,645 INFO o.a.j.r.p.AbstractSampleConsumer: class org.apache.jmeter.report.processor.graph.impl.LatencyVSRequestGraphConsumer#stopProducing(): latencyVsRequest produced 0 samples
2018-05-22 11:06:50,645 INFO o.a.j.r.p.AbstractSampleConsumer: class org.apache.jmeter.report.processor.graph.impl.SyntheticResponseTimeDistributionGraphConsumer#stopProducing(): syntheticResponseTimeDistribution produced 0 samples
2018-05-22 11:06:50,646 INFO o.a.j.r.p.AbstractSampleConsumer: class org.apache.jmeter.report.processor.graph.impl.BytesThroughputGraphConsumer#stopProducing(): bytesThroughputOverTime produced 0 samples
2018-05-22 11:06:50,646 INFO o.a.j.r.p.AbstractSampleConsumer: class org.apache.jmeter.report.processor.graph.impl.CodesPerSecondGraphConsumer#stopProducing(): codesPerSecond produced 0 samples
2018-05-22 11:06:50,649 INFO o.a.j.r.p.AbstractSampleConsumer: class org.apache.jmeter.report.processor.graph.impl.ResponseTimeVSRequestGraphConsumer#stopProducing(): responseTimeVsRequest produced 0 samples
2018-05-22 11:06:50,650 INFO o.a.j.r.p.AbstractSampleConsumer: class org.apache.jmeter.report.processor.FilterConsumer#stopProducing(): startIntervalControlerFilter produced 700 samples
2018-05-22 11:06:50,650 INFO o.a.j.r.p.AbstractSampleConsumer: class org.apache.jmeter.report.processor.graph.impl.ActiveThreadsGraphConsumer#stopProducing(): activeThreadsOverTime produced 0 samples
2018-05-22 11:06:50,650 INFO o.a.j.r.p.AbstractSampleConsumer: class org.apache.jmeter.report.processor.graph.impl.TimeVSThreadGraphConsumer#stopProducing(): timeVsThreads produced 0 samples
2018-05-22 11:06:50,650 INFO o.a.j.r.p.AbstractSampleConsumer: class org.apache.jmeter.report.processor.graph.impl.ResponseTimeDistributionGraphConsumer#stopProducing(): responseTimeDistribution produced 0 samples
2018-05-22 11:06:50,651 INFO o.a.j.r.p.AbstractSampleConsumer: class org.apache.jmeter.report.processor.graph.impl.TransactionsPerSecondGraphConsumer#stopProducing(): transactionsPerSecond produced 0 samples
2018-05-22 11:06:50,651 INFO o.a.j.r.p.AbstractSampleConsumer: class org.apache.jmeter.report.processor.graph.impl.ResponseTimePercentilesGraphConsumer#stopProducing(): responseTimePercentiles produced 0 samples
2018-05-22 11:06:50,657 INFO o.a.j.r.p.AbstractSampleConsumer: class org.apache.jmeter.report.processor.graph.impl.ResponseTimePercentilesOverTimeGraphConsumer#stopProducing(): responseTimePercentilesOverTime produced 0 samples
2018-05-22 11:06:50,658 INFO o.a.j.r.p.AbstractSampleConsumer: class org.apache.jmeter.report.processor.graph.impl.ResponseTimeOverTimeGraphConsumer#stopProducing(): responseTimesOverTime produced 0 samples
2018-05-22 11:06:50,658 INFO o.a.j.r.p.AbstractSampleConsumer: class org.apache.jmeter.report.processor.graph.impl.ConnectTimeOverTimeGraphConsumer#stopProducing(): connectTimeOverTime produced 0 samples
2018-05-22 11:06:50,658 INFO o.a.j.r.p.AbstractSampleConsumer: class org.apache.jmeter.report.processor.graph.impl.LatencyOverTimeGraphConsumer#stopProducing(): latenciesOverTime produced 0 samples
2018-05-22 11:06:50,658 INFO o.a.j.r.p.AbstractSampleConsumer: class org.apache.jmeter.report.processor.FilterConsumer#stopProducing(): nameFilter produced 1400 samples
2018-05-22 11:06:50,658 INFO o.a.j.r.p.AbstractSampleConsumer: class org.apache.jmeter.report.processor.FilterConsumer#stopProducing(): dateRangeFilter produced 300 samples
2018-05-22 11:06:50,658 INFO o.a.j.r.p.AbstractSampleConsumer: class org.apache.jmeter.report.processor.NormalizerSampleConsumer#stopProducing(): normalizer produced 100 samples
2018-05-22 11:06:50,658 INFO o.a.j.r.p.CsvFileSampleSource: produce(): 100 samples produced in 88ms on channel 0
2018-05-22 11:06:50,658 INFO o.a.j.r.d.ReportGenerator: Exporting data using exporter:'html' of className:'org.apache.jmeter.report.dashboard.HtmlTemplateExporter'
2018-05-22 11:06:50,660 INFO o.a.j.r.d.HtmlTemplateExporter: Will generate dashboard in folder: /development/jmeter/sos-load.temp/target/jmeter/reports/sos-load-lp-belistener_20180522_110615
2018-05-22 11:06:50,762 INFO o.a.j.r.d.HtmlTemplateExporter: Report will be generated in: /development/jmeter/sos-load.temp/target/jmeter/reports/sos-load-lp-belistener_20180522_110615, creating folder structure
2018-05-22 11:06:51,105 INFO o.a.j.JMeter: Dashboard generated
